19:43:58 INFO  : Registering command handlers for SDK TCF services
19:43:58 INFO  : Launching XSCT server: xsct.bat -interactive C:\Users\Nathan\Desktop\cs152b\cs152b\final_project\final_project.sdk\temp_xsdb_launch_script.tcl
19:44:00 INFO  : XSCT server has started successfully.
19:44:04 INFO  : Successfully done setting XSCT server connection channel  
19:44:04 INFO  : Successfully done setting SDK workspace  
19:44:04 INFO  : Processing command line option -hwspec C:/Users/Nathan/Desktop/cs152b/cs152b/final_project/final_project.sdk/main_wrapper.hdf.
22:22:11 INFO  : 'targets -set -filter {jtag_cable_name =~ "Digilent Basys3 210183B82211A" && level==0} -index 0' command is executed.
22:22:11 INFO  : 'fpga -state' command is executed.
22:22:11 INFO  : Connected to target on host '127.0.0.1' and port '3121'.
22:22:11 INFO  : Jtag cable 'Digilent Basys3 210183B82211A' is selected.
22:22:11 INFO  : 'jtag frequency' command is executed.
22:22:11 INFO  : 'configparams mdm-detect-bscan-mask 2' command is executed.
22:22:11 INFO  : Context for processor 'microblaze_0' is selected.
22:22:11 INFO  : Processor reset is completed for 'microblaze_0'.
22:22:11 INFO  : Context for processor 'microblaze_0' is selected.
22:22:11 INFO  : The application 'C:/Users/Nathan/Desktop/cs152b/cs152b/final_project/final_project.sdk/final_project/Debug/final_project.elf' is downloaded to processor 'microblaze_0'.
22:22:11 INFO  : ----------------XSDB Script----------------
connect -url tcp:127.0.0.1:3121
configparams mdm-detect-bscan-mask 2
targets -set -nocase -filter {name =~ "microblaze*#0" && bscan=="USER2"  && jtag_cable_name =~ "Digilent Basys3 210183B82211A"} -index 0
rst -processor
targets -set -nocase -filter {name =~ "microblaze*#0" && bscan=="USER2"  && jtag_cable_name =~ "Digilent Basys3 210183B82211A"} -index 0
dow C:/Users/Nathan/Desktop/cs152b/cs152b/final_project/final_project.sdk/final_project/Debug/final_project.elf
----------------End of Script----------------

22:22:11 INFO  : Memory regions updated for context MicroBlaze #0
22:22:11 INFO  : Memory regions updated for context MicroBlaze #0
22:22:11 INFO  : Context for processor 'microblaze_0' is selected.
22:22:11 INFO  : 'con' command is executed.
22:22:11 INFO  : ----------------XSDB Script (After Launch)----------------
targets -set -nocase -filter {name =~ "microblaze*#0" && bscan=="USER2"  && jtag_cable_name =~ "Digilent Basys3 210183B82211A"} -index 0
con
----------------End of Script----------------

22:22:11 INFO  : Launch script is exported to file 'C:\Users\Nathan\Desktop\cs152b\cs152b\final_project\final_project.sdk\.sdk\launch_scripts\xilinx_c-c++_application_(system_debugger)\system_debugger_using_debug_final_project.elf_on_local.tcl'
22:52:05 INFO  : Disconnected from the channel tcfchan#1.
22:52:47 INFO  : Registering command handlers for SDK TCF services
22:52:47 INFO  : Launching XSCT server: xsct.bat -interactive C:\Users\Nathan\Desktop\cs152b\cs152b\final_project\final_project.sdk\temp_xsdb_launch_script.tcl
22:52:48 INFO  : XSCT server has started successfully.
22:52:48 INFO  : Successfully done setting XSCT server connection channel  
22:52:49 INFO  : Successfully done setting SDK workspace  
22:52:49 INFO  : Processing command line option -hwspec C:/Users/Nathan/Desktop/cs152b/cs152b/final_project/final_project.sdk/main_wrapper.hdf.
22:52:49 INFO  : Checking for hwspec changes in the project main_wrapper_hw_platform_0.
23:06:36 INFO  : 'targets -set -filter {jtag_cable_name =~ "Digilent Basys3 210183B82211A" && level==0} -index 0' command is executed.
23:06:36 INFO  : 'fpga -state' command is executed.
23:06:36 INFO  : Connected to target on host '127.0.0.1' and port '3121'.
23:06:36 INFO  : Jtag cable 'Digilent Basys3 210183B82211A' is selected.
23:06:36 INFO  : 'jtag frequency' command is executed.
23:06:36 INFO  : 'configparams mdm-detect-bscan-mask 2' command is executed.
23:06:36 INFO  : Context for processor 'microblaze_0' is selected.
23:06:36 INFO  : Processor reset is completed for 'microblaze_0'.
23:06:36 INFO  : Context for processor 'microblaze_0' is selected.
23:06:36 INFO  : The application 'C:/Users/Nathan/Desktop/cs152b/cs152b/final_project/final_project.sdk/final_project/Debug/final_project.elf' is downloaded to processor 'microblaze_0'.
23:06:36 INFO  : ----------------XSDB Script----------------
connect -url tcp:127.0.0.1:3121
configparams mdm-detect-bscan-mask 2
targets -set -nocase -filter {name =~ "microblaze*#0" && bscan=="USER2"  && jtag_cable_name =~ "Digilent Basys3 210183B82211A"} -index 0
rst -processor
targets -set -nocase -filter {name =~ "microblaze*#0" && bscan=="USER2"  && jtag_cable_name =~ "Digilent Basys3 210183B82211A"} -index 0
dow C:/Users/Nathan/Desktop/cs152b/cs152b/final_project/final_project.sdk/final_project/Debug/final_project.elf
----------------End of Script----------------

23:06:36 INFO  : Memory regions updated for context MicroBlaze #0
23:06:36 INFO  : Memory regions updated for context MicroBlaze #0
23:06:36 INFO  : Context for processor 'microblaze_0' is selected.
23:06:36 INFO  : 'con' command is executed.
23:06:36 INFO  : ----------------XSDB Script (After Launch)----------------
targets -set -nocase -filter {name =~ "microblaze*#0" && bscan=="USER2"  && jtag_cable_name =~ "Digilent Basys3 210183B82211A"} -index 0
con
----------------End of Script----------------

23:06:36 INFO  : Launch script is exported to file 'C:\Users\Nathan\Desktop\cs152b\cs152b\final_project\final_project.sdk\.sdk\launch_scripts\xilinx_c-c++_application_(system_debugger)\system_debugger_using_debug_final_project.elf_on_local.tcl'
23:08:36 INFO  : Disconnected from the channel tcfchan#1.
23:08:38 INFO  : 'targets -set -filter {jtag_cable_name =~ "Digilent Basys3 210183B82211A" && level==0} -index 0' command is executed.
23:08:38 INFO  : 'fpga -state' command is executed.
23:08:38 INFO  : Connected to target on host '127.0.0.1' and port '3121'.
23:08:38 INFO  : Jtag cable 'Digilent Basys3 210183B82211A' is selected.
23:08:38 INFO  : 'jtag frequency' command is executed.
23:08:38 INFO  : 'configparams mdm-detect-bscan-mask 2' command is executed.
23:08:38 INFO  : Context for processor 'microblaze_0' is selected.
23:08:38 INFO  : Processor reset is completed for 'microblaze_0'.
23:08:38 INFO  : Context for processor 'microblaze_0' is selected.
23:08:38 INFO  : The application 'C:/Users/Nathan/Desktop/cs152b/cs152b/final_project/final_project.sdk/final_project/Debug/final_project.elf' is downloaded to processor 'microblaze_0'.
23:08:38 INFO  : ----------------XSDB Script----------------
connect -url tcp:127.0.0.1:3121
configparams mdm-detect-bscan-mask 2
targets -set -nocase -filter {name =~ "microblaze*#0" && bscan=="USER2"  && jtag_cable_name =~ "Digilent Basys3 210183B82211A"} -index 0
rst -processor
targets -set -nocase -filter {name =~ "microblaze*#0" && bscan=="USER2"  && jtag_cable_name =~ "Digilent Basys3 210183B82211A"} -index 0
dow C:/Users/Nathan/Desktop/cs152b/cs152b/final_project/final_project.sdk/final_project/Debug/final_project.elf
----------------End of Script----------------

23:08:38 INFO  : Memory regions updated for context MicroBlaze #0
23:08:38 INFO  : Memory regions updated for context MicroBlaze #0
23:08:38 INFO  : Context for processor 'microblaze_0' is selected.
23:08:38 INFO  : 'con' command is executed.
23:08:38 INFO  : ----------------XSDB Script (After Launch)----------------
targets -set -nocase -filter {name =~ "microblaze*#0" && bscan=="USER2"  && jtag_cable_name =~ "Digilent Basys3 210183B82211A"} -index 0
con
----------------End of Script----------------

23:08:38 INFO  : Launch script is exported to file 'C:\Users\Nathan\Desktop\cs152b\cs152b\final_project\final_project.sdk\.sdk\launch_scripts\xilinx_c-c++_application_(system_debugger)\system_debugger_using_debug_final_project.elf_on_local.tcl'
23:10:28 INFO  : Disconnected from the channel tcfchan#2.
23:10:29 INFO  : 'targets -set -filter {jtag_cable_name =~ "Digilent Basys3 210183B82211A" && level==0} -index 0' command is executed.
23:10:29 INFO  : 'fpga -state' command is executed.
23:10:29 INFO  : Connected to target on host '127.0.0.1' and port '3121'.
23:10:29 INFO  : Jtag cable 'Digilent Basys3 210183B82211A' is selected.
23:10:29 INFO  : 'jtag frequency' command is executed.
23:10:29 INFO  : 'configparams mdm-detect-bscan-mask 2' command is executed.
23:10:29 INFO  : Context for processor 'microblaze_0' is selected.
23:10:29 INFO  : Processor reset is completed for 'microblaze_0'.
23:10:29 INFO  : Context for processor 'microblaze_0' is selected.
23:10:29 INFO  : The application 'C:/Users/Nathan/Desktop/cs152b/cs152b/final_project/final_project.sdk/final_project/Debug/final_project.elf' is downloaded to processor 'microblaze_0'.
23:10:29 INFO  : ----------------XSDB Script----------------
connect -url tcp:127.0.0.1:3121
configparams mdm-detect-bscan-mask 2
targets -set -nocase -filter {name =~ "microblaze*#0" && bscan=="USER2"  && jtag_cable_name =~ "Digilent Basys3 210183B82211A"} -index 0
rst -processor
targets -set -nocase -filter {name =~ "microblaze*#0" && bscan=="USER2"  && jtag_cable_name =~ "Digilent Basys3 210183B82211A"} -index 0
dow C:/Users/Nathan/Desktop/cs152b/cs152b/final_project/final_project.sdk/final_project/Debug/final_project.elf
----------------End of Script----------------

23:10:30 INFO  : Memory regions updated for context MicroBlaze #0
23:10:30 INFO  : Memory regions updated for context MicroBlaze #0
23:10:30 INFO  : Context for processor 'microblaze_0' is selected.
23:10:30 INFO  : 'con' command is executed.
23:10:30 INFO  : ----------------XSDB Script (After Launch)----------------
targets -set -nocase -filter {name =~ "microblaze*#0" && bscan=="USER2"  && jtag_cable_name =~ "Digilent Basys3 210183B82211A"} -index 0
con
----------------End of Script----------------

23:10:30 INFO  : Launch script is exported to file 'C:\Users\Nathan\Desktop\cs152b\cs152b\final_project\final_project.sdk\.sdk\launch_scripts\xilinx_c-c++_application_(system_debugger)\system_debugger_using_debug_final_project.elf_on_local.tcl'
23:10:59 INFO  : Disconnected from the channel tcfchan#3.
23:11:00 INFO  : 'targets -set -filter {jtag_cable_name =~ "Digilent Basys3 210183B82211A" && level==0} -index 0' command is executed.
23:11:00 INFO  : 'fpga -state' command is executed.
23:11:00 INFO  : Connected to target on host '127.0.0.1' and port '3121'.
23:11:00 INFO  : Jtag cable 'Digilent Basys3 210183B82211A' is selected.
23:11:00 INFO  : 'jtag frequency' command is executed.
23:11:00 INFO  : 'configparams mdm-detect-bscan-mask 2' command is executed.
23:11:00 INFO  : Context for processor 'microblaze_0' is selected.
23:11:00 INFO  : Processor reset is completed for 'microblaze_0'.
23:11:00 INFO  : Context for processor 'microblaze_0' is selected.
23:11:00 INFO  : The application 'C:/Users/Nathan/Desktop/cs152b/cs152b/final_project/final_project.sdk/final_project/Debug/final_project.elf' is downloaded to processor 'microblaze_0'.
23:11:00 INFO  : ----------------XSDB Script----------------
connect -url tcp:127.0.0.1:3121
configparams mdm-detect-bscan-mask 2
targets -set -nocase -filter {name =~ "microblaze*#0" && bscan=="USER2"  && jtag_cable_name =~ "Digilent Basys3 210183B82211A"} -index 0
rst -processor
targets -set -nocase -filter {name =~ "microblaze*#0" && bscan=="USER2"  && jtag_cable_name =~ "Digilent Basys3 210183B82211A"} -index 0
dow C:/Users/Nathan/Desktop/cs152b/cs152b/final_project/final_project.sdk/final_project/Debug/final_project.elf
----------------End of Script----------------

23:11:01 INFO  : Memory regions updated for context MicroBlaze #0
23:11:01 INFO  : Memory regions updated for context MicroBlaze #0
23:11:01 INFO  : Context for processor 'microblaze_0' is selected.
23:11:01 INFO  : 'con' command is executed.
23:11:01 INFO  : ----------------XSDB Script (After Launch)----------------
targets -set -nocase -filter {name =~ "microblaze*#0" && bscan=="USER2"  && jtag_cable_name =~ "Digilent Basys3 210183B82211A"} -index 0
con
----------------End of Script----------------

23:11:01 INFO  : Launch script is exported to file 'C:\Users\Nathan\Desktop\cs152b\cs152b\final_project\final_project.sdk\.sdk\launch_scripts\xilinx_c-c++_application_(system_debugger)\system_debugger_using_debug_final_project.elf_on_local.tcl'
23:16:30 INFO  : Disconnected from the channel tcfchan#4.
23:16:31 INFO  : 'targets -set -filter {jtag_cable_name =~ "Digilent Basys3 210183B82211A" && level==0} -index 0' command is executed.
23:16:31 INFO  : 'fpga -state' command is executed.
23:16:31 INFO  : Connected to target on host '127.0.0.1' and port '3121'.
23:16:31 INFO  : Jtag cable 'Digilent Basys3 210183B82211A' is selected.
23:16:31 INFO  : 'jtag frequency' command is executed.
23:16:31 INFO  : 'configparams mdm-detect-bscan-mask 2' command is executed.
23:16:31 INFO  : Context for processor 'microblaze_0' is selected.
23:16:31 INFO  : Processor reset is completed for 'microblaze_0'.
23:16:31 INFO  : Context for processor 'microblaze_0' is selected.
23:16:31 INFO  : The application 'C:/Users/Nathan/Desktop/cs152b/cs152b/final_project/final_project.sdk/final_project/Debug/final_project.elf' is downloaded to processor 'microblaze_0'.
23:16:31 INFO  : ----------------XSDB Script----------------
connect -url tcp:127.0.0.1:3121
configparams mdm-detect-bscan-mask 2
targets -set -nocase -filter {name =~ "microblaze*#0" && bscan=="USER2"  && jtag_cable_name =~ "Digilent Basys3 210183B82211A"} -index 0
rst -processor
targets -set -nocase -filter {name =~ "microblaze*#0" && bscan=="USER2"  && jtag_cable_name =~ "Digilent Basys3 210183B82211A"} -index 0
dow C:/Users/Nathan/Desktop/cs152b/cs152b/final_project/final_project.sdk/final_project/Debug/final_project.elf
----------------End of Script----------------

23:16:31 INFO  : Memory regions updated for context MicroBlaze #0
23:16:31 INFO  : Memory regions updated for context MicroBlaze #0
23:16:31 INFO  : Context for processor 'microblaze_0' is selected.
23:16:31 INFO  : 'con' command is executed.
23:16:31 INFO  : ----------------XSDB Script (After Launch)----------------
targets -set -nocase -filter {name =~ "microblaze*#0" && bscan=="USER2"  && jtag_cable_name =~ "Digilent Basys3 210183B82211A"} -index 0
con
----------------End of Script----------------

23:16:31 INFO  : Launch script is exported to file 'C:\Users\Nathan\Desktop\cs152b\cs152b\final_project\final_project.sdk\.sdk\launch_scripts\xilinx_c-c++_application_(system_debugger)\system_debugger_using_debug_final_project.elf_on_local.tcl'
23:29:17 INFO  : Disconnected from the channel tcfchan#5.
23:29:18 INFO  : 'targets -set -filter {jtag_cable_name =~ "Digilent Basys3 210183B82211A" && level==0} -index 0' command is executed.
23:29:18 INFO  : 'fpga -state' command is executed.
23:29:18 INFO  : Connected to target on host '127.0.0.1' and port '3121'.
23:29:18 INFO  : Jtag cable 'Digilent Basys3 210183B82211A' is selected.
23:29:18 INFO  : 'jtag frequency' command is executed.
23:29:18 INFO  : 'configparams mdm-detect-bscan-mask 2' command is executed.
23:29:18 INFO  : Context for processor 'microblaze_0' is selected.
23:29:18 INFO  : Processor reset is completed for 'microblaze_0'.
23:29:18 INFO  : Context for processor 'microblaze_0' is selected.
23:29:18 INFO  : The application 'C:/Users/Nathan/Desktop/cs152b/cs152b/final_project/final_project.sdk/final_project/Debug/final_project.elf' is downloaded to processor 'microblaze_0'.
23:29:18 INFO  : ----------------XSDB Script----------------
connect -url tcp:127.0.0.1:3121
configparams mdm-detect-bscan-mask 2
targets -set -nocase -filter {name =~ "microblaze*#0" && bscan=="USER2"  && jtag_cable_name =~ "Digilent Basys3 210183B82211A"} -index 0
rst -processor
targets -set -nocase -filter {name =~ "microblaze*#0" && bscan=="USER2"  && jtag_cable_name =~ "Digilent Basys3 210183B82211A"} -index 0
dow C:/Users/Nathan/Desktop/cs152b/cs152b/final_project/final_project.sdk/final_project/Debug/final_project.elf
----------------End of Script----------------

23:29:18 INFO  : Memory regions updated for context MicroBlaze #0
23:29:18 INFO  : Memory regions updated for context MicroBlaze #0
23:29:18 INFO  : Context for processor 'microblaze_0' is selected.
23:29:18 INFO  : 'con' command is executed.
23:29:18 INFO  : ----------------XSDB Script (After Launch)----------------
targets -set -nocase -filter {name =~ "microblaze*#0" && bscan=="USER2"  && jtag_cable_name =~ "Digilent Basys3 210183B82211A"} -index 0
con
----------------End of Script----------------

23:29:18 INFO  : Launch script is exported to file 'C:\Users\Nathan\Desktop\cs152b\cs152b\final_project\final_project.sdk\.sdk\launch_scripts\xilinx_c-c++_application_(system_debugger)\system_debugger_using_debug_final_project.elf_on_local.tcl'
00:34:25 INFO  : Disconnected from the channel tcfchan#6.
00:34:26 INFO  : 'targets -set -filter {jtag_cable_name =~ "Digilent Basys3 210183B82211A" && level==0} -index 0' command is executed.
00:34:26 INFO  : 'fpga -state' command is executed.
00:34:26 INFO  : Connected to target on host '127.0.0.1' and port '3121'.
00:34:26 INFO  : Jtag cable 'Digilent Basys3 210183B82211A' is selected.
00:34:26 INFO  : 'jtag frequency' command is executed.
00:34:26 INFO  : 'configparams mdm-detect-bscan-mask 2' command is executed.
00:34:26 INFO  : Context for processor 'microblaze_0' is selected.
00:34:26 INFO  : Processor reset is completed for 'microblaze_0'.
00:34:26 INFO  : Context for processor 'microblaze_0' is selected.
00:34:26 INFO  : The application 'C:/Users/Nathan/Desktop/cs152b/cs152b/final_project/final_project.sdk/final_project/Debug/final_project.elf' is downloaded to processor 'microblaze_0'.
00:34:26 INFO  : ----------------XSDB Script----------------
connect -url tcp:127.0.0.1:3121
configparams mdm-detect-bscan-mask 2
targets -set -nocase -filter {name =~ "microblaze*#0" && bscan=="USER2"  && jtag_cable_name =~ "Digilent Basys3 210183B82211A"} -index 0
rst -processor
targets -set -nocase -filter {name =~ "microblaze*#0" && bscan=="USER2"  && jtag_cable_name =~ "Digilent Basys3 210183B82211A"} -index 0
dow C:/Users/Nathan/Desktop/cs152b/cs152b/final_project/final_project.sdk/final_project/Debug/final_project.elf
----------------End of Script----------------

00:34:26 INFO  : Memory regions updated for context MicroBlaze #0
00:34:26 INFO  : Memory regions updated for context MicroBlaze #0
00:34:26 INFO  : Context for processor 'microblaze_0' is selected.
00:34:26 INFO  : 'con' command is executed.
00:34:26 INFO  : ----------------XSDB Script (After Launch)----------------
targets -set -nocase -filter {name =~ "microblaze*#0" && bscan=="USER2"  && jtag_cable_name =~ "Digilent Basys3 210183B82211A"} -index 0
con
----------------End of Script----------------

00:34:26 INFO  : Launch script is exported to file 'C:\Users\Nathan\Desktop\cs152b\cs152b\final_project\final_project.sdk\.sdk\launch_scripts\xilinx_c-c++_application_(system_debugger)\system_debugger_using_debug_final_project.elf_on_local.tcl'
00:37:00 INFO  : Disconnected from the channel tcfchan#7.
00:37:01 INFO  : 'targets -set -filter {jtag_cable_name =~ "Digilent Basys3 210183B82211A" && level==0} -index 0' command is executed.
00:37:01 INFO  : 'fpga -state' command is executed.
00:37:01 INFO  : Connected to target on host '127.0.0.1' and port '3121'.
00:37:01 INFO  : Jtag cable 'Digilent Basys3 210183B82211A' is selected.
00:37:01 INFO  : 'jtag frequency' command is executed.
00:37:01 INFO  : 'configparams mdm-detect-bscan-mask 2' command is executed.
00:37:01 INFO  : Context for processor 'microblaze_0' is selected.
00:37:01 INFO  : Processor reset is completed for 'microblaze_0'.
00:37:01 INFO  : Context for processor 'microblaze_0' is selected.
00:37:02 INFO  : The application 'C:/Users/Nathan/Desktop/cs152b/cs152b/final_project/final_project.sdk/final_project/Debug/final_project.elf' is downloaded to processor 'microblaze_0'.
00:37:02 INFO  : ----------------XSDB Script----------------
connect -url tcp:127.0.0.1:3121
configparams mdm-detect-bscan-mask 2
targets -set -nocase -filter {name =~ "microblaze*#0" && bscan=="USER2"  && jtag_cable_name =~ "Digilent Basys3 210183B82211A"} -index 0
rst -processor
targets -set -nocase -filter {name =~ "microblaze*#0" && bscan=="USER2"  && jtag_cable_name =~ "Digilent Basys3 210183B82211A"} -index 0
dow C:/Users/Nathan/Desktop/cs152b/cs152b/final_project/final_project.sdk/final_project/Debug/final_project.elf
----------------End of Script----------------

00:37:02 INFO  : Memory regions updated for context MicroBlaze #0
00:37:02 INFO  : Memory regions updated for context MicroBlaze #0
00:37:02 INFO  : Context for processor 'microblaze_0' is selected.
00:37:02 INFO  : 'con' command is executed.
00:37:02 INFO  : ----------------XSDB Script (After Launch)----------------
targets -set -nocase -filter {name =~ "microblaze*#0" && bscan=="USER2"  && jtag_cable_name =~ "Digilent Basys3 210183B82211A"} -index 0
con
----------------End of Script----------------

00:37:02 INFO  : Launch script is exported to file 'C:\Users\Nathan\Desktop\cs152b\cs152b\final_project\final_project.sdk\.sdk\launch_scripts\xilinx_c-c++_application_(system_debugger)\system_debugger_using_debug_final_project.elf_on_local.tcl'
00:47:37 INFO  : Disconnected from the channel tcfchan#8.
00:47:38 INFO  : 'targets -set -filter {jtag_cable_name =~ "Digilent Basys3 210183B82211A" && level==0} -index 0' command is executed.
00:47:38 INFO  : 'fpga -state' command is executed.
00:47:38 INFO  : Connected to target on host '127.0.0.1' and port '3121'.
00:47:38 INFO  : Jtag cable 'Digilent Basys3 210183B82211A' is selected.
00:47:38 INFO  : 'jtag frequency' command is executed.
00:47:38 INFO  : 'configparams mdm-detect-bscan-mask 2' command is executed.
00:47:38 INFO  : Context for processor 'microblaze_0' is selected.
00:47:38 INFO  : Processor reset is completed for 'microblaze_0'.
00:47:38 INFO  : Context for processor 'microblaze_0' is selected.
00:47:38 INFO  : The application 'C:/Users/Nathan/Desktop/cs152b/cs152b/final_project/final_project.sdk/final_project/Debug/final_project.elf' is downloaded to processor 'microblaze_0'.
00:47:38 INFO  : ----------------XSDB Script----------------
connect -url tcp:127.0.0.1:3121
configparams mdm-detect-bscan-mask 2
targets -set -nocase -filter {name =~ "microblaze*#0" && bscan=="USER2"  && jtag_cable_name =~ "Digilent Basys3 210183B82211A"} -index 0
rst -processor
targets -set -nocase -filter {name =~ "microblaze*#0" && bscan=="USER2"  && jtag_cable_name =~ "Digilent Basys3 210183B82211A"} -index 0
dow C:/Users/Nathan/Desktop/cs152b/cs152b/final_project/final_project.sdk/final_project/Debug/final_project.elf
----------------End of Script----------------

00:47:38 INFO  : Memory regions updated for context MicroBlaze #0
00:47:38 INFO  : Memory regions updated for context MicroBlaze #0
00:47:38 INFO  : Context for processor 'microblaze_0' is selected.
00:47:38 INFO  : 'con' command is executed.
00:47:38 INFO  : ----------------XSDB Script (After Launch)----------------
targets -set -nocase -filter {name =~ "microblaze*#0" && bscan=="USER2"  && jtag_cable_name =~ "Digilent Basys3 210183B82211A"} -index 0
con
----------------End of Script----------------

00:47:38 INFO  : Launch script is exported to file 'C:\Users\Nathan\Desktop\cs152b\cs152b\final_project\final_project.sdk\.sdk\launch_scripts\xilinx_c-c++_application_(system_debugger)\system_debugger_using_debug_final_project.elf_on_local.tcl'
00:49:35 INFO  : Disconnected from the channel tcfchan#9.
00:49:36 INFO  : 'targets -set -filter {jtag_cable_name =~ "Digilent Basys3 210183B82211A" && level==0} -index 0' command is executed.
00:49:36 INFO  : 'fpga -state' command is executed.
00:49:36 INFO  : Connected to target on host '127.0.0.1' and port '3121'.
00:49:36 INFO  : Jtag cable 'Digilent Basys3 210183B82211A' is selected.
00:49:36 INFO  : 'jtag frequency' command is executed.
00:49:36 INFO  : 'configparams mdm-detect-bscan-mask 2' command is executed.
00:49:36 INFO  : Context for processor 'microblaze_0' is selected.
00:49:36 INFO  : Processor reset is completed for 'microblaze_0'.
00:49:36 INFO  : Context for processor 'microblaze_0' is selected.
00:49:37 INFO  : The application 'C:/Users/Nathan/Desktop/cs152b/cs152b/final_project/final_project.sdk/final_project/Debug/final_project.elf' is downloaded to processor 'microblaze_0'.
00:49:37 INFO  : ----------------XSDB Script----------------
connect -url tcp:127.0.0.1:3121
configparams mdm-detect-bscan-mask 2
targets -set -nocase -filter {name =~ "microblaze*#0" && bscan=="USER2"  && jtag_cable_name =~ "Digilent Basys3 210183B82211A"} -index 0
rst -processor
targets -set -nocase -filter {name =~ "microblaze*#0" && bscan=="USER2"  && jtag_cable_name =~ "Digilent Basys3 210183B82211A"} -index 0
dow C:/Users/Nathan/Desktop/cs152b/cs152b/final_project/final_project.sdk/final_project/Debug/final_project.elf
----------------End of Script----------------

00:49:37 INFO  : Memory regions updated for context MicroBlaze #0
00:49:37 INFO  : Memory regions updated for context MicroBlaze #0
00:49:37 INFO  : Context for processor 'microblaze_0' is selected.
00:49:37 INFO  : 'con' command is executed.
00:49:37 INFO  : ----------------XSDB Script (After Launch)----------------
targets -set -nocase -filter {name =~ "microblaze*#0" && bscan=="USER2"  && jtag_cable_name =~ "Digilent Basys3 210183B82211A"} -index 0
con
----------------End of Script----------------

00:49:37 INFO  : Launch script is exported to file 'C:\Users\Nathan\Desktop\cs152b\cs152b\final_project\final_project.sdk\.sdk\launch_scripts\xilinx_c-c++_application_(system_debugger)\system_debugger_using_debug_final_project.elf_on_local.tcl'
00:56:46 INFO  : Disconnected from the channel tcfchan#10.
00:56:47 INFO  : 'targets -set -filter {jtag_cable_name =~ "Digilent Basys3 210183B82211A" && level==0} -index 0' command is executed.
00:56:47 INFO  : 'fpga -state' command is executed.
00:56:47 INFO  : Connected to target on host '127.0.0.1' and port '3121'.
00:56:47 INFO  : Jtag cable 'Digilent Basys3 210183B82211A' is selected.
00:56:47 INFO  : 'jtag frequency' command is executed.
00:56:47 INFO  : 'configparams mdm-detect-bscan-mask 2' command is executed.
00:56:47 INFO  : Context for processor 'microblaze_0' is selected.
00:56:47 INFO  : Processor reset is completed for 'microblaze_0'.
00:56:47 INFO  : Context for processor 'microblaze_0' is selected.
00:56:47 INFO  : The application 'C:/Users/Nathan/Desktop/cs152b/cs152b/final_project/final_project.sdk/final_project/Debug/final_project.elf' is downloaded to processor 'microblaze_0'.
00:56:47 INFO  : ----------------XSDB Script----------------
connect -url tcp:127.0.0.1:3121
configparams mdm-detect-bscan-mask 2
targets -set -nocase -filter {name =~ "microblaze*#0" && bscan=="USER2"  && jtag_cable_name =~ "Digilent Basys3 210183B82211A"} -index 0
rst -processor
targets -set -nocase -filter {name =~ "microblaze*#0" && bscan=="USER2"  && jtag_cable_name =~ "Digilent Basys3 210183B82211A"} -index 0
dow C:/Users/Nathan/Desktop/cs152b/cs152b/final_project/final_project.sdk/final_project/Debug/final_project.elf
----------------End of Script----------------

00:56:47 INFO  : Memory regions updated for context MicroBlaze #0
00:56:47 INFO  : Memory regions updated for context MicroBlaze #0
00:56:47 INFO  : Context for processor 'microblaze_0' is selected.
00:56:47 INFO  : 'con' command is executed.
00:56:47 INFO  : ----------------XSDB Script (After Launch)----------------
targets -set -nocase -filter {name =~ "microblaze*#0" && bscan=="USER2"  && jtag_cable_name =~ "Digilent Basys3 210183B82211A"} -index 0
con
----------------End of Script----------------

00:56:47 INFO  : Launch script is exported to file 'C:\Users\Nathan\Desktop\cs152b\cs152b\final_project\final_project.sdk\.sdk\launch_scripts\xilinx_c-c++_application_(system_debugger)\system_debugger_using_debug_final_project.elf_on_local.tcl'
01:33:52 INFO  : Disconnected from the channel tcfchan#11.
01:33:53 INFO  : 'targets -set -filter {jtag_cable_name =~ "Digilent Basys3 210183B82211A" && level==0} -index 0' command is executed.
01:33:53 INFO  : 'fpga -state' command is executed.
01:33:53 INFO  : Connected to target on host '127.0.0.1' and port '3121'.
01:33:53 INFO  : Jtag cable 'Digilent Basys3 210183B82211A' is selected.
01:33:53 INFO  : 'jtag frequency' command is executed.
01:33:53 INFO  : 'configparams mdm-detect-bscan-mask 2' command is executed.
01:33:53 INFO  : Context for processor 'microblaze_0' is selected.
01:33:53 INFO  : Processor reset is completed for 'microblaze_0'.
01:33:53 INFO  : Context for processor 'microblaze_0' is selected.
01:33:53 INFO  : The application 'C:/Users/Nathan/Desktop/cs152b/cs152b/final_project/final_project.sdk/final_project/Debug/final_project.elf' is downloaded to processor 'microblaze_0'.
01:33:53 INFO  : ----------------XSDB Script----------------
connect -url tcp:127.0.0.1:3121
configparams mdm-detect-bscan-mask 2
targets -set -nocase -filter {name =~ "microblaze*#0" && bscan=="USER2"  && jtag_cable_name =~ "Digilent Basys3 210183B82211A"} -index 0
rst -processor
targets -set -nocase -filter {name =~ "microblaze*#0" && bscan=="USER2"  && jtag_cable_name =~ "Digilent Basys3 210183B82211A"} -index 0
dow C:/Users/Nathan/Desktop/cs152b/cs152b/final_project/final_project.sdk/final_project/Debug/final_project.elf
----------------End of Script----------------

01:33:53 INFO  : Memory regions updated for context MicroBlaze #0
01:33:53 INFO  : Memory regions updated for context MicroBlaze #0
01:33:53 INFO  : Context for processor 'microblaze_0' is selected.
01:33:53 INFO  : 'con' command is executed.
01:33:53 INFO  : ----------------XSDB Script (After Launch)----------------
targets -set -nocase -filter {name =~ "microblaze*#0" && bscan=="USER2"  && jtag_cable_name =~ "Digilent Basys3 210183B82211A"} -index 0
con
----------------End of Script----------------

01:33:53 INFO  : Launch script is exported to file 'C:\Users\Nathan\Desktop\cs152b\cs152b\final_project\final_project.sdk\.sdk\launch_scripts\xilinx_c-c++_application_(system_debugger)\system_debugger_using_debug_final_project.elf_on_local.tcl'
01:34:17 INFO  : Disconnected from the channel tcfchan#12.
01:34:18 INFO  : 'targets -set -filter {jtag_cable_name =~ "Digilent Basys3 210183B82211A" && level==0} -index 0' command is executed.
01:34:18 INFO  : 'fpga -state' command is executed.
01:34:18 INFO  : Connected to target on host '127.0.0.1' and port '3121'.
01:34:18 INFO  : Jtag cable 'Digilent Basys3 210183B82211A' is selected.
01:34:18 INFO  : 'jtag frequency' command is executed.
01:34:18 INFO  : 'configparams mdm-detect-bscan-mask 2' command is executed.
01:34:18 INFO  : Context for processor 'microblaze_0' is selected.
01:34:18 INFO  : Processor reset is completed for 'microblaze_0'.
01:34:18 INFO  : Context for processor 'microblaze_0' is selected.
01:34:18 INFO  : The application 'C:/Users/Nathan/Desktop/cs152b/cs152b/final_project/final_project.sdk/final_project/Debug/final_project.elf' is downloaded to processor 'microblaze_0'.
01:34:18 INFO  : ----------------XSDB Script----------------
connect -url tcp:127.0.0.1:3121
configparams mdm-detect-bscan-mask 2
targets -set -nocase -filter {name =~ "microblaze*#0" && bscan=="USER2"  && jtag_cable_name =~ "Digilent Basys3 210183B82211A"} -index 0
rst -processor
targets -set -nocase -filter {name =~ "microblaze*#0" && bscan=="USER2"  && jtag_cable_name =~ "Digilent Basys3 210183B82211A"} -index 0
dow C:/Users/Nathan/Desktop/cs152b/cs152b/final_project/final_project.sdk/final_project/Debug/final_project.elf
----------------End of Script----------------

01:34:18 INFO  : Memory regions updated for context MicroBlaze #0
01:34:18 INFO  : Memory regions updated for context MicroBlaze #0
01:34:18 INFO  : Context for processor 'microblaze_0' is selected.
01:34:18 INFO  : 'con' command is executed.
01:34:18 INFO  : ----------------XSDB Script (After Launch)----------------
targets -set -nocase -filter {name =~ "microblaze*#0" && bscan=="USER2"  && jtag_cable_name =~ "Digilent Basys3 210183B82211A"} -index 0
con
----------------End of Script----------------

01:34:18 INFO  : Launch script is exported to file 'C:\Users\Nathan\Desktop\cs152b\cs152b\final_project\final_project.sdk\.sdk\launch_scripts\xilinx_c-c++_application_(system_debugger)\system_debugger_using_debug_final_project.elf_on_local.tcl'
01:34:28 INFO  : Disconnected from the channel tcfchan#13.
01:34:29 INFO  : 'targets -set -filter {jtag_cable_name =~ "Digilent Basys3 210183B82211A" && level==0} -index 0' command is executed.
01:34:29 INFO  : 'fpga -state' command is executed.
01:34:29 INFO  : Connected to target on host '127.0.0.1' and port '3121'.
01:34:29 INFO  : Jtag cable 'Digilent Basys3 210183B82211A' is selected.
01:34:29 INFO  : 'jtag frequency' command is executed.
01:34:29 INFO  : 'configparams mdm-detect-bscan-mask 2' command is executed.
01:34:29 INFO  : Context for processor 'microblaze_0' is selected.
01:34:29 INFO  : Processor reset is completed for 'microblaze_0'.
01:34:29 INFO  : Context for processor 'microblaze_0' is selected.
01:34:29 INFO  : The application 'C:/Users/Nathan/Desktop/cs152b/cs152b/final_project/final_project.sdk/final_project/Debug/final_project.elf' is downloaded to processor 'microblaze_0'.
01:34:29 INFO  : ----------------XSDB Script----------------
connect -url tcp:127.0.0.1:3121
configparams mdm-detect-bscan-mask 2
targets -set -nocase -filter {name =~ "microblaze*#0" && bscan=="USER2"  && jtag_cable_name =~ "Digilent Basys3 210183B82211A"} -index 0
rst -processor
targets -set -nocase -filter {name =~ "microblaze*#0" && bscan=="USER2"  && jtag_cable_name =~ "Digilent Basys3 210183B82211A"} -index 0
dow C:/Users/Nathan/Desktop/cs152b/cs152b/final_project/final_project.sdk/final_project/Debug/final_project.elf
----------------End of Script----------------

01:34:29 INFO  : Memory regions updated for context MicroBlaze #0
01:34:29 INFO  : Memory regions updated for context MicroBlaze #0
01:34:29 INFO  : Context for processor 'microblaze_0' is selected.
01:34:29 INFO  : 'con' command is executed.
01:34:29 INFO  : ----------------XSDB Script (After Launch)----------------
targets -set -nocase -filter {name =~ "microblaze*#0" && bscan=="USER2"  && jtag_cable_name =~ "Digilent Basys3 210183B82211A"} -index 0
con
----------------End of Script----------------

01:34:29 INFO  : Launch script is exported to file 'C:\Users\Nathan\Desktop\cs152b\cs152b\final_project\final_project.sdk\.sdk\launch_scripts\xilinx_c-c++_application_(system_debugger)\system_debugger_using_debug_final_project.elf_on_local.tcl'
01:34:43 INFO  : Disconnected from the channel tcfchan#14.
01:34:44 INFO  : 'targets -set -filter {jtag_cable_name =~ "Digilent Basys3 210183B82211A" && level==0} -index 0' command is executed.
01:34:44 INFO  : 'fpga -state' command is executed.
01:34:44 INFO  : Connected to target on host '127.0.0.1' and port '3121'.
01:34:44 INFO  : Jtag cable 'Digilent Basys3 210183B82211A' is selected.
01:34:44 INFO  : 'jtag frequency' command is executed.
01:34:44 INFO  : 'configparams mdm-detect-bscan-mask 2' command is executed.
01:34:44 INFO  : Context for processor 'microblaze_0' is selected.
01:34:44 INFO  : Processor reset is completed for 'microblaze_0'.
01:34:44 INFO  : Context for processor 'microblaze_0' is selected.
01:34:44 INFO  : The application 'C:/Users/Nathan/Desktop/cs152b/cs152b/final_project/final_project.sdk/final_project/Debug/final_project.elf' is downloaded to processor 'microblaze_0'.
01:34:44 INFO  : ----------------XSDB Script----------------
connect -url tcp:127.0.0.1:3121
configparams mdm-detect-bscan-mask 2
targets -set -nocase -filter {name =~ "microblaze*#0" && bscan=="USER2"  && jtag_cable_name =~ "Digilent Basys3 210183B82211A"} -index 0
rst -processor
targets -set -nocase -filter {name =~ "microblaze*#0" && bscan=="USER2"  && jtag_cable_name =~ "Digilent Basys3 210183B82211A"} -index 0
dow C:/Users/Nathan/Desktop/cs152b/cs152b/final_project/final_project.sdk/final_project/Debug/final_project.elf
----------------End of Script----------------

01:34:44 INFO  : Memory regions updated for context MicroBlaze #0
01:34:44 INFO  : Memory regions updated for context MicroBlaze #0
01:34:44 INFO  : Context for processor 'microblaze_0' is selected.
01:34:44 INFO  : 'con' command is executed.
01:34:44 INFO  : ----------------XSDB Script (After Launch)----------------
targets -set -nocase -filter {name =~ "microblaze*#0" && bscan=="USER2"  && jtag_cable_name =~ "Digilent Basys3 210183B82211A"} -index 0
con
----------------End of Script----------------

01:34:44 INFO  : Launch script is exported to file 'C:\Users\Nathan\Desktop\cs152b\cs152b\final_project\final_project.sdk\.sdk\launch_scripts\xilinx_c-c++_application_(system_debugger)\system_debugger_using_debug_final_project.elf_on_local.tcl'
01:35:26 INFO  : Disconnected from the channel tcfchan#15.
01:35:27 INFO  : 'targets -set -filter {jtag_cable_name =~ "Digilent Basys3 210183B82211A" && level==0} -index 0' command is executed.
01:35:27 INFO  : 'fpga -state' command is executed.
01:35:27 INFO  : Connected to target on host '127.0.0.1' and port '3121'.
01:35:27 INFO  : Jtag cable 'Digilent Basys3 210183B82211A' is selected.
01:35:27 INFO  : 'jtag frequency' command is executed.
01:35:27 INFO  : 'configparams mdm-detect-bscan-mask 2' command is executed.
01:35:27 INFO  : Context for processor 'microblaze_0' is selected.
01:35:27 INFO  : Processor reset is completed for 'microblaze_0'.
01:35:27 INFO  : Context for processor 'microblaze_0' is selected.
01:35:27 INFO  : The application 'C:/Users/Nathan/Desktop/cs152b/cs152b/final_project/final_project.sdk/final_project/Debug/final_project.elf' is downloaded to processor 'microblaze_0'.
01:35:27 INFO  : ----------------XSDB Script----------------
connect -url tcp:127.0.0.1:3121
configparams mdm-detect-bscan-mask 2
targets -set -nocase -filter {name =~ "microblaze*#0" && bscan=="USER2"  && jtag_cable_name =~ "Digilent Basys3 210183B82211A"} -index 0
rst -processor
targets -set -nocase -filter {name =~ "microblaze*#0" && bscan=="USER2"  && jtag_cable_name =~ "Digilent Basys3 210183B82211A"} -index 0
dow C:/Users/Nathan/Desktop/cs152b/cs152b/final_project/final_project.sdk/final_project/Debug/final_project.elf
----------------End of Script----------------

01:35:28 INFO  : Memory regions updated for context MicroBlaze #0
01:35:28 INFO  : Memory regions updated for context MicroBlaze #0
01:35:28 INFO  : Context for processor 'microblaze_0' is selected.
01:35:28 INFO  : 'con' command is executed.
01:35:28 INFO  : ----------------XSDB Script (After Launch)----------------
targets -set -nocase -filter {name =~ "microblaze*#0" && bscan=="USER2"  && jtag_cable_name =~ "Digilent Basys3 210183B82211A"} -index 0
con
----------------End of Script----------------

01:35:28 INFO  : Launch script is exported to file 'C:\Users\Nathan\Desktop\cs152b\cs152b\final_project\final_project.sdk\.sdk\launch_scripts\xilinx_c-c++_application_(system_debugger)\system_debugger_using_debug_final_project.elf_on_local.tcl'
01:35:30 INFO  : Disconnected from the channel tcfchan#16.
01:35:31 INFO  : 'targets -set -filter {jtag_cable_name =~ "Digilent Basys3 210183B82211A" && level==0} -index 0' command is executed.
01:35:31 INFO  : 'fpga -state' command is executed.
01:35:31 INFO  : Connected to target on host '127.0.0.1' and port '3121'.
01:35:32 INFO  : Jtag cable 'Digilent Basys3 210183B82211A' is selected.
01:35:32 INFO  : 'jtag frequency' command is executed.
01:35:32 INFO  : 'configparams mdm-detect-bscan-mask 2' command is executed.
01:35:32 INFO  : Context for processor 'microblaze_0' is selected.
01:35:32 INFO  : Processor reset is completed for 'microblaze_0'.
01:35:32 INFO  : Context for processor 'microblaze_0' is selected.
01:35:32 INFO  : The application 'C:/Users/Nathan/Desktop/cs152b/cs152b/final_project/final_project.sdk/final_project/Debug/final_project.elf' is downloaded to processor 'microblaze_0'.
01:35:32 INFO  : ----------------XSDB Script----------------
connect -url tcp:127.0.0.1:3121
configparams mdm-detect-bscan-mask 2
targets -set -nocase -filter {name =~ "microblaze*#0" && bscan=="USER2"  && jtag_cable_name =~ "Digilent Basys3 210183B82211A"} -index 0
rst -processor
targets -set -nocase -filter {name =~ "microblaze*#0" && bscan=="USER2"  && jtag_cable_name =~ "Digilent Basys3 210183B82211A"} -index 0
dow C:/Users/Nathan/Desktop/cs152b/cs152b/final_project/final_project.sdk/final_project/Debug/final_project.elf
----------------End of Script----------------

01:35:32 INFO  : Memory regions updated for context MicroBlaze #0
01:35:32 INFO  : Memory regions updated for context MicroBlaze #0
01:35:32 INFO  : Context for processor 'microblaze_0' is selected.
01:35:32 INFO  : 'con' command is executed.
01:35:32 INFO  : ----------------XSDB Script (After Launch)----------------
targets -set -nocase -filter {name =~ "microblaze*#0" && bscan=="USER2"  && jtag_cable_name =~ "Digilent Basys3 210183B82211A"} -index 0
con
----------------End of Script----------------

01:35:32 INFO  : Launch script is exported to file 'C:\Users\Nathan\Desktop\cs152b\cs152b\final_project\final_project.sdk\.sdk\launch_scripts\xilinx_c-c++_application_(system_debugger)\system_debugger_using_debug_final_project.elf_on_local.tcl'
02:19:21 INFO  : Disconnected from the channel tcfchan#17.
02:19:22 INFO  : 'targets -set -filter {jtag_cable_name =~ "Digilent Basys3 210183B82211A" && level==0} -index 0' command is executed.
02:19:22 INFO  : 'fpga -state' command is executed.
02:19:22 INFO  : Connected to target on host '127.0.0.1' and port '3121'.
02:19:22 INFO  : Jtag cable 'Digilent Basys3 210183B82211A' is selected.
02:19:22 INFO  : 'jtag frequency' command is executed.
02:19:22 INFO  : 'configparams mdm-detect-bscan-mask 2' command is executed.
02:19:22 INFO  : Context for processor 'microblaze_0' is selected.
02:19:22 INFO  : Processor reset is completed for 'microblaze_0'.
02:19:22 INFO  : Context for processor 'microblaze_0' is selected.
02:19:22 INFO  : The application 'C:/Users/Nathan/Desktop/cs152b/cs152b/final_project/final_project.sdk/final_project/Debug/final_project.elf' is downloaded to processor 'microblaze_0'.
02:19:22 INFO  : ----------------XSDB Script----------------
connect -url tcp:127.0.0.1:3121
configparams mdm-detect-bscan-mask 2
targets -set -nocase -filter {name =~ "microblaze*#0" && bscan=="USER2"  && jtag_cable_name =~ "Digilent Basys3 210183B82211A"} -index 0
rst -processor
targets -set -nocase -filter {name =~ "microblaze*#0" && bscan=="USER2"  && jtag_cable_name =~ "Digilent Basys3 210183B82211A"} -index 0
dow C:/Users/Nathan/Desktop/cs152b/cs152b/final_project/final_project.sdk/final_project/Debug/final_project.elf
----------------End of Script----------------

02:19:23 INFO  : Memory regions updated for context MicroBlaze #0
02:19:23 INFO  : Memory regions updated for context MicroBlaze #0
02:19:23 INFO  : Context for processor 'microblaze_0' is selected.
02:19:23 INFO  : 'con' command is executed.
02:19:23 INFO  : ----------------XSDB Script (After Launch)----------------
targets -set -nocase -filter {name =~ "microblaze*#0" && bscan=="USER2"  && jtag_cable_name =~ "Digilent Basys3 210183B82211A"} -index 0
con
----------------End of Script----------------

02:19:23 INFO  : Launch script is exported to file 'C:\Users\Nathan\Desktop\cs152b\cs152b\final_project\final_project.sdk\.sdk\launch_scripts\xilinx_c-c++_application_(system_debugger)\system_debugger_using_debug_final_project.elf_on_local.tcl'
02:52:26 INFO  : Disconnected from the channel tcfchan#18.
02:52:27 INFO  : 'targets -set -filter {jtag_cable_name =~ "Digilent Basys3 210183B82211A" && level==0} -index 0' command is executed.
02:52:27 INFO  : 'fpga -state' command is executed.
02:52:27 INFO  : Connected to target on host '127.0.0.1' and port '3121'.
02:52:27 INFO  : Jtag cable 'Digilent Basys3 210183B82211A' is selected.
02:52:27 INFO  : 'jtag frequency' command is executed.
02:52:27 INFO  : 'configparams mdm-detect-bscan-mask 2' command is executed.
02:52:27 INFO  : Context for processor 'microblaze_0' is selected.
02:52:27 INFO  : Processor reset is completed for 'microblaze_0'.
02:52:27 INFO  : Context for processor 'microblaze_0' is selected.
02:52:27 INFO  : The application 'C:/Users/Nathan/Desktop/cs152b/cs152b/final_project/final_project.sdk/final_project/Debug/final_project.elf' is downloaded to processor 'microblaze_0'.
02:52:27 INFO  : ----------------XSDB Script----------------
connect -url tcp:127.0.0.1:3121
configparams mdm-detect-bscan-mask 2
targets -set -nocase -filter {name =~ "microblaze*#0" && bscan=="USER2"  && jtag_cable_name =~ "Digilent Basys3 210183B82211A"} -index 0
rst -processor
targets -set -nocase -filter {name =~ "microblaze*#0" && bscan=="USER2"  && jtag_cable_name =~ "Digilent Basys3 210183B82211A"} -index 0
dow C:/Users/Nathan/Desktop/cs152b/cs152b/final_project/final_project.sdk/final_project/Debug/final_project.elf
----------------End of Script----------------

02:52:27 INFO  : Memory regions updated for context MicroBlaze #0
02:52:27 INFO  : Memory regions updated for context MicroBlaze #0
02:52:27 INFO  : Context for processor 'microblaze_0' is selected.
02:52:27 INFO  : 'con' command is executed.
02:52:27 INFO  : ----------------XSDB Script (After Launch)----------------
targets -set -nocase -filter {name =~ "microblaze*#0" && bscan=="USER2"  && jtag_cable_name =~ "Digilent Basys3 210183B82211A"} -index 0
con
----------------End of Script----------------

02:52:27 INFO  : Launch script is exported to file 'C:\Users\Nathan\Desktop\cs152b\cs152b\final_project\final_project.sdk\.sdk\launch_scripts\xilinx_c-c++_application_(system_debugger)\system_debugger_using_debug_final_project.elf_on_local.tcl'
02:52:36 INFO  : Disconnected from the channel tcfchan#19.
02:52:37 INFO  : 'targets -set -filter {jtag_cable_name =~ "Digilent Basys3 210183B82211A" && level==0} -index 0' command is executed.
02:52:37 INFO  : 'fpga -state' command is executed.
02:52:37 INFO  : Connected to target on host '127.0.0.1' and port '3121'.
02:52:37 INFO  : Jtag cable 'Digilent Basys3 210183B82211A' is selected.
02:52:37 INFO  : 'jtag frequency' command is executed.
02:52:37 INFO  : 'configparams mdm-detect-bscan-mask 2' command is executed.
02:52:37 INFO  : Context for processor 'microblaze_0' is selected.
02:52:37 INFO  : Processor reset is completed for 'microblaze_0'.
02:52:37 INFO  : Context for processor 'microblaze_0' is selected.
02:52:37 INFO  : The application 'C:/Users/Nathan/Desktop/cs152b/cs152b/final_project/final_project.sdk/final_project/Debug/final_project.elf' is downloaded to processor 'microblaze_0'.
02:52:37 INFO  : ----------------XSDB Script----------------
connect -url tcp:127.0.0.1:3121
configparams mdm-detect-bscan-mask 2
targets -set -nocase -filter {name =~ "microblaze*#0" && bscan=="USER2"  && jtag_cable_name =~ "Digilent Basys3 210183B82211A"} -index 0
rst -processor
targets -set -nocase -filter {name =~ "microblaze*#0" && bscan=="USER2"  && jtag_cable_name =~ "Digilent Basys3 210183B82211A"} -index 0
dow C:/Users/Nathan/Desktop/cs152b/cs152b/final_project/final_project.sdk/final_project/Debug/final_project.elf
----------------End of Script----------------

02:52:37 INFO  : Memory regions updated for context MicroBlaze #0
02:52:37 INFO  : Memory regions updated for context MicroBlaze #0
02:52:37 INFO  : Context for processor 'microblaze_0' is selected.
02:52:37 INFO  : 'con' command is executed.
02:52:37 INFO  : ----------------XSDB Script (After Launch)----------------
targets -set -nocase -filter {name =~ "microblaze*#0" && bscan=="USER2"  && jtag_cable_name =~ "Digilent Basys3 210183B82211A"} -index 0
con
----------------End of Script----------------

02:52:37 INFO  : Launch script is exported to file 'C:\Users\Nathan\Desktop\cs152b\cs152b\final_project\final_project.sdk\.sdk\launch_scripts\xilinx_c-c++_application_(system_debugger)\system_debugger_using_debug_final_project.elf_on_local.tcl'
02:53:48 INFO  : Disconnected from the channel tcfchan#20.
02:53:49 INFO  : 'targets -set -filter {jtag_cable_name =~ "Digilent Basys3 210183B82211A" && level==0} -index 0' command is executed.
02:53:49 INFO  : 'fpga -state' command is executed.
02:53:49 INFO  : Connected to target on host '127.0.0.1' and port '3121'.
02:53:49 INFO  : Jtag cable 'Digilent Basys3 210183B82211A' is selected.
02:53:49 INFO  : 'jtag frequency' command is executed.
02:53:49 INFO  : 'configparams mdm-detect-bscan-mask 2' command is executed.
02:53:49 INFO  : Context for processor 'microblaze_0' is selected.
02:53:50 INFO  : Processor reset is completed for 'microblaze_0'.
02:53:50 INFO  : Context for processor 'microblaze_0' is selected.
02:53:50 INFO  : The application 'C:/Users/Nathan/Desktop/cs152b/cs152b/final_project/final_project.sdk/final_project/Debug/final_project.elf' is downloaded to processor 'microblaze_0'.
02:53:50 INFO  : ----------------XSDB Script----------------
connect -url tcp:127.0.0.1:3121
configparams mdm-detect-bscan-mask 2
targets -set -nocase -filter {name =~ "microblaze*#0" && bscan=="USER2"  && jtag_cable_name =~ "Digilent Basys3 210183B82211A"} -index 0
rst -processor
targets -set -nocase -filter {name =~ "microblaze*#0" && bscan=="USER2"  && jtag_cable_name =~ "Digilent Basys3 210183B82211A"} -index 0
dow C:/Users/Nathan/Desktop/cs152b/cs152b/final_project/final_project.sdk/final_project/Debug/final_project.elf
----------------End of Script----------------

02:53:50 INFO  : Memory regions updated for context MicroBlaze #0
02:53:50 INFO  : Memory regions updated for context MicroBlaze #0
02:53:50 INFO  : Context for processor 'microblaze_0' is selected.
02:53:50 INFO  : 'con' command is executed.
02:53:50 INFO  : ----------------XSDB Script (After Launch)----------------
targets -set -nocase -filter {name =~ "microblaze*#0" && bscan=="USER2"  && jtag_cable_name =~ "Digilent Basys3 210183B82211A"} -index 0
con
----------------End of Script----------------

02:53:50 INFO  : Launch script is exported to file 'C:\Users\Nathan\Desktop\cs152b\cs152b\final_project\final_project.sdk\.sdk\launch_scripts\xilinx_c-c++_application_(system_debugger)\system_debugger_using_debug_final_project.elf_on_local.tcl'
02:54:22 INFO  : Disconnected from the channel tcfchan#21.
02:54:23 INFO  : 'targets -set -filter {jtag_cable_name =~ "Digilent Basys3 210183B82211A" && level==0} -index 0' command is executed.
02:54:23 INFO  : 'fpga -state' command is executed.
02:54:23 INFO  : Connected to target on host '127.0.0.1' and port '3121'.
02:54:23 INFO  : Jtag cable 'Digilent Basys3 210183B82211A' is selected.
02:54:23 INFO  : 'jtag frequency' command is executed.
02:54:23 INFO  : 'configparams mdm-detect-bscan-mask 2' command is executed.
02:54:23 INFO  : Context for processor 'microblaze_0' is selected.
02:54:23 INFO  : Processor reset is completed for 'microblaze_0'.
02:54:23 INFO  : Context for processor 'microblaze_0' is selected.
02:54:23 INFO  : The application 'C:/Users/Nathan/Desktop/cs152b/cs152b/final_project/final_project.sdk/final_project/Debug/final_project.elf' is downloaded to processor 'microblaze_0'.
02:54:23 INFO  : ----------------XSDB Script----------------
connect -url tcp:127.0.0.1:3121
configparams mdm-detect-bscan-mask 2
targets -set -nocase -filter {name =~ "microblaze*#0" && bscan=="USER2"  && jtag_cable_name =~ "Digilent Basys3 210183B82211A"} -index 0
rst -processor
targets -set -nocase -filter {name =~ "microblaze*#0" && bscan=="USER2"  && jtag_cable_name =~ "Digilent Basys3 210183B82211A"} -index 0
dow C:/Users/Nathan/Desktop/cs152b/cs152b/final_project/final_project.sdk/final_project/Debug/final_project.elf
----------------End of Script----------------

02:54:23 INFO  : Memory regions updated for context MicroBlaze #0
02:54:23 INFO  : Memory regions updated for context MicroBlaze #0
02:54:23 INFO  : Context for processor 'microblaze_0' is selected.
02:54:23 INFO  : 'con' command is executed.
02:54:23 INFO  : ----------------XSDB Script (After Launch)----------------
targets -set -nocase -filter {name =~ "microblaze*#0" && bscan=="USER2"  && jtag_cable_name =~ "Digilent Basys3 210183B82211A"} -index 0
con
----------------End of Script----------------

02:54:23 INFO  : Launch script is exported to file 'C:\Users\Nathan\Desktop\cs152b\cs152b\final_project\final_project.sdk\.sdk\launch_scripts\xilinx_c-c++_application_(system_debugger)\system_debugger_using_debug_final_project.elf_on_local.tcl'
02:57:06 INFO  : Disconnected from the channel tcfchan#22.
02:57:07 INFO  : 'targets -set -filter {jtag_cable_name =~ "Digilent Basys3 210183B82211A" && level==0} -index 0' command is executed.
02:57:07 INFO  : 'fpga -state' command is executed.
02:57:07 INFO  : Connected to target on host '127.0.0.1' and port '3121'.
02:57:07 INFO  : Jtag cable 'Digilent Basys3 210183B82211A' is selected.
02:57:07 INFO  : 'jtag frequency' command is executed.
02:57:07 INFO  : 'configparams mdm-detect-bscan-mask 2' command is executed.
02:57:07 INFO  : Context for processor 'microblaze_0' is selected.
02:57:07 INFO  : Processor reset is completed for 'microblaze_0'.
02:57:07 INFO  : Context for processor 'microblaze_0' is selected.
02:57:08 INFO  : The application 'C:/Users/Nathan/Desktop/cs152b/cs152b/final_project/final_project.sdk/final_project/Debug/final_project.elf' is downloaded to processor 'microblaze_0'.
02:57:08 INFO  : ----------------XSDB Script----------------
connect -url tcp:127.0.0.1:3121
configparams mdm-detect-bscan-mask 2
targets -set -nocase -filter {name =~ "microblaze*#0" && bscan=="USER2"  && jtag_cable_name =~ "Digilent Basys3 210183B82211A"} -index 0
rst -processor
targets -set -nocase -filter {name =~ "microblaze*#0" && bscan=="USER2"  && jtag_cable_name =~ "Digilent Basys3 210183B82211A"} -index 0
dow C:/Users/Nathan/Desktop/cs152b/cs152b/final_project/final_project.sdk/final_project/Debug/final_project.elf
----------------End of Script----------------

02:57:08 INFO  : Memory regions updated for context MicroBlaze #0
02:57:08 INFO  : Memory regions updated for context MicroBlaze #0
02:57:08 INFO  : Context for processor 'microblaze_0' is selected.
02:57:08 INFO  : 'con' command is executed.
02:57:08 INFO  : ----------------XSDB Script (After Launch)----------------
targets -set -nocase -filter {name =~ "microblaze*#0" && bscan=="USER2"  && jtag_cable_name =~ "Digilent Basys3 210183B82211A"} -index 0
con
----------------End of Script----------------

02:57:08 INFO  : Launch script is exported to file 'C:\Users\Nathan\Desktop\cs152b\cs152b\final_project\final_project.sdk\.sdk\launch_scripts\xilinx_c-c++_application_(system_debugger)\system_debugger_using_debug_final_project.elf_on_local.tcl'
03:05:17 INFO  : Disconnected from the channel tcfchan#23.
03:05:18 INFO  : 'targets -set -filter {jtag_cable_name =~ "Digilent Basys3 210183B82211A" && level==0} -index 0' command is executed.
03:05:18 INFO  : 'fpga -state' command is executed.
03:05:18 INFO  : Connected to target on host '127.0.0.1' and port '3121'.
03:05:18 INFO  : Jtag cable 'Digilent Basys3 210183B82211A' is selected.
03:05:18 INFO  : 'jtag frequency' command is executed.
03:05:18 INFO  : 'configparams mdm-detect-bscan-mask 2' command is executed.
03:05:18 INFO  : Context for processor 'microblaze_0' is selected.
03:05:18 INFO  : Processor reset is completed for 'microblaze_0'.
03:05:18 INFO  : Context for processor 'microblaze_0' is selected.
03:05:18 INFO  : The application 'C:/Users/Nathan/Desktop/cs152b/cs152b/final_project/final_project.sdk/final_project/Debug/final_project.elf' is downloaded to processor 'microblaze_0'.
03:05:18 INFO  : ----------------XSDB Script----------------
connect -url tcp:127.0.0.1:3121
configparams mdm-detect-bscan-mask 2
targets -set -nocase -filter {name =~ "microblaze*#0" && bscan=="USER2"  && jtag_cable_name =~ "Digilent Basys3 210183B82211A"} -index 0
rst -processor
targets -set -nocase -filter {name =~ "microblaze*#0" && bscan=="USER2"  && jtag_cable_name =~ "Digilent Basys3 210183B82211A"} -index 0
dow C:/Users/Nathan/Desktop/cs152b/cs152b/final_project/final_project.sdk/final_project/Debug/final_project.elf
----------------End of Script----------------

03:05:18 INFO  : Memory regions updated for context MicroBlaze #0
03:05:18 INFO  : Memory regions updated for context MicroBlaze #0
03:05:18 INFO  : Context for processor 'microblaze_0' is selected.
03:05:18 INFO  : 'con' command is executed.
03:05:18 INFO  : ----------------XSDB Script (After Launch)----------------
targets -set -nocase -filter {name =~ "microblaze*#0" && bscan=="USER2"  && jtag_cable_name =~ "Digilent Basys3 210183B82211A"} -index 0
con
----------------End of Script----------------

03:05:18 INFO  : Launch script is exported to file 'C:\Users\Nathan\Desktop\cs152b\cs152b\final_project\final_project.sdk\.sdk\launch_scripts\xilinx_c-c++_application_(system_debugger)\system_debugger_using_debug_final_project.elf_on_local.tcl'
03:05:33 INFO  : Disconnected from the channel tcfchan#24.
10:18:47 INFO  : Registering command handlers for SDK TCF services
10:18:47 INFO  : Launching XSCT server: xsct.bat -interactive C:\Users\Nathan\Desktop\cs152b\cs152b\final_project\final_project.sdk\temp_xsdb_launch_script.tcl
10:18:50 INFO  : XSCT server has started successfully.
10:18:54 INFO  : Successfully done setting XSCT server connection channel  
10:18:54 INFO  : Successfully done setting SDK workspace  
10:18:54 INFO  : Processing command line option -hwspec C:/Users/Nathan/Desktop/cs152b/cs152b/final_project/final_project.sdk/main_wrapper.hdf.
10:18:54 INFO  : Checking for hwspec changes in the project main_wrapper_hw_platform_0.
10:25:17 INFO  : 'targets -set -filter {jtag_cable_name =~ "Digilent Basys3 210183B82211A" && level==0} -index 0' command is executed.
10:25:17 INFO  : 'fpga -state' command is executed.
10:25:17 INFO  : Connected to target on host '127.0.0.1' and port '3121'.
10:25:17 INFO  : Jtag cable 'Digilent Basys3 210183B82211A' is selected.
10:25:17 INFO  : 'jtag frequency' command is executed.
10:25:17 INFO  : 'configparams mdm-detect-bscan-mask 2' command is executed.
10:25:17 INFO  : Context for processor 'microblaze_0' is selected.
10:25:18 INFO  : Processor reset is completed for 'microblaze_0'.
10:25:18 INFO  : Context for processor 'microblaze_0' is selected.
10:25:18 INFO  : The application 'C:/Users/Nathan/Desktop/cs152b/cs152b/final_project/final_project.sdk/final_project/Debug/final_project.elf' is downloaded to processor 'microblaze_0'.
10:25:18 INFO  : ----------------XSDB Script----------------
connect -url tcp:127.0.0.1:3121
configparams mdm-detect-bscan-mask 2
targets -set -nocase -filter {name =~ "microblaze*#0" && bscan=="USER2"  && jtag_cable_name =~ "Digilent Basys3 210183B82211A"} -index 0
rst -processor
targets -set -nocase -filter {name =~ "microblaze*#0" && bscan=="USER2"  && jtag_cable_name =~ "Digilent Basys3 210183B82211A"} -index 0
dow C:/Users/Nathan/Desktop/cs152b/cs152b/final_project/final_project.sdk/final_project/Debug/final_project.elf
----------------End of Script----------------

10:25:18 INFO  : Memory regions updated for context MicroBlaze #0
10:25:18 INFO  : Memory regions updated for context MicroBlaze #0
10:25:18 INFO  : Context for processor 'microblaze_0' is selected.
10:25:18 INFO  : 'con' command is executed.
10:25:18 INFO  : ----------------XSDB Script (After Launch)----------------
targets -set -nocase -filter {name =~ "microblaze*#0" && bscan=="USER2"  && jtag_cable_name =~ "Digilent Basys3 210183B82211A"} -index 0
con
----------------End of Script----------------

10:25:18 INFO  : Launch script is exported to file 'C:\Users\Nathan\Desktop\cs152b\cs152b\final_project\final_project.sdk\.sdk\launch_scripts\xilinx_c-c++_application_(system_debugger)\system_debugger_using_debug_final_project.elf_on_local.tcl'
