#-----------------------------------------------------------
# Webtalk v2018.2.2 (64-bit)
# SW Build 2348494 on Mon Oct  1 18:25:44 MDT 2018
# 
# Start of session at: Sat May 16 22:52:06 2026
# Process ID: 32160
# Current directory: C:/Users/Nathan/Desktop/cs152b/cs152b/final_project/final_project.sdk/webtalk
# Command line: wbtcv.exe -mode batch -source sdk_webtalk.tcl
# Log file: C:/Users/Nathan/Desktop/cs152b/cs152b/final_project/final_project.sdk/webtalk/webtalk.log
# Journal file: C:/Users/Nathan/Desktop/cs152b/cs152b/final_project/final_project.sdk/webtalk\webtalk.jou
#-----------------------------------------------------------
source sdk_webtalk.tcl
# webtalk_init -webtalk_dir C:\\Users\\Nathan\\Desktop\\cs152b\\cs152b\\final_project\\final_project.sdk\\webtalk
# webtalk_register_client -client project
# webtalk_add_data -client project -key date_generated -value "2026-05-16 22:52:05" -context "software_version_and_target_device"
# webtalk_add_data -client project -key product_version -value "SDK v2018.2" -context "software_version_and_target_device"
# webtalk_add_data -client project -key build_version -value "2018.2" -context "software_version_and_target_device"
# webtalk_add_data -client project -key os_platform -value "amd64" -context "software_version_and_target_device"
# webtalk_add_data -client project -key registration_id -value "" -context "software_version_and_target_device"
# webtalk_add_data -client project -key tool_flow -value "SDK" -context "software_version_and_target_device"
# webtalk_add_data -client project -key beta -value "false" -context "software_version_and_target_device"
# webtalk_add_data -client project -key route_design -value "NA" -context "software_version_and_target_device"
# webtalk_add_data -client project -key target_family -value "NA" -context "software_version_and_target_device"
# webtalk_add_data -client project -key target_device -value "NA" -context "software_version_and_target_device"
# webtalk_add_data -client project -key target_package -value "NA" -context "software_version_and_target_device"
# webtalk_add_data -client project -key target_speed -value "NA" -context "software_version_and_target_device"
# webtalk_add_data -client project -key random_id -value "11qvv8td445s2iil0pcgq63dsl" -context "software_version_and_target_device"
# webtalk_add_data -client project -key project_id -value "2018.2_3" -context "software_version_and_target_device"
# webtalk_add_data -client project -key project_iteration -value "3" -context "software_version_and_target_device"
# webtalk_add_data -client project -key os_name -value "Microsoft Windows 8 or later , 64-bit" -context "user_environment"
# webtalk_add_data -client project -key os_release -value "major release  (build 9200)" -context "user_environment"
# webtalk_add_data -client project -key cpu_name -value "12th Gen Intel(R) Core(TM) i7-12800H" -context "user_environment"
# webtalk_add_data -client project -key cpu_speed -value "2803 MHz" -context "user_environment"
# webtalk_add_data -client project -key total_processors -value "1" -context "user_environment"
# webtalk_add_data -client project -key system_ram -value "34.009 GB" -context "user_environment"
# webtalk_register_client -client sdk
# webtalk_add_data -client sdk -key uid -value "1778985847568" -context "sdk\\\\hardware/1778985847568"
# webtalk_add_data -client sdk -key isZynq -value "false" -context "sdk\\\\hardware/1778985847568"
# webtalk_add_data -client sdk -key isZynqMP -value "false" -context "sdk\\\\hardware/1778985847568"
# webtalk_add_data -client sdk -key Processors -value "1" -context "sdk\\\\hardware/1778985847568"
# webtalk_add_data -client sdk -key VivadoVersion -value "2018.2.2" -context "sdk\\\\hardware/1778985847568"
# webtalk_add_data -client sdk -key Arch -value "artix7" -context "sdk\\\\hardware/1778985847568"
# webtalk_add_data -client sdk -key Device -value "7a35t" -context "sdk\\\\hardware/1778985847568"
# webtalk_add_data -client sdk -key IsHandoff -value "true" -context "sdk\\\\hardware/1778985847568"
# webtalk_add_data -client sdk -key os -value "NA" -context "sdk\\\\hardware/1778985847568"
# webtalk_add_data -client sdk -key apptemplate -value "NA" -context "sdk\\\\hardware/1778985847568"
# webtalk_add_data -client sdk -key RecordType -value "HWCreation" -context "sdk\\\\hardware/1778985847568"
# webtalk_add_data -client sdk -key uid -value "1778985963851" -context "sdk\\\\bsp/1778985963851"
# webtalk_add_data -client sdk -key hwid -value "1778985847568" -context "sdk\\\\bsp/1778985963851"
# webtalk_add_data -client sdk -key os -value "standalone" -context "sdk\\\\bsp/1778985963851"
# webtalk_add_data -client sdk -key apptemplate -value "hello_world" -context "sdk\\\\bsp/1778985963851"
# webtalk_add_data -client sdk -key RecordType -value "BSPCreation" -context "sdk\\\\bsp/1778985963851"
# webtalk_add_data -client sdk -key uid -value "1778985967252" -context "sdk\\\\application/1778985967252"
# webtalk_add_data -client sdk -key hwid -value "1778985847568" -context "sdk\\\\application/1778985967252"
# webtalk_add_data -client sdk -key bspid -value "1778985963851" -context "sdk\\\\application/1778985967252"
# webtalk_add_data -client sdk -key newbsp -value "true" -context "sdk\\\\application/1778985967252"
# webtalk_add_data -client sdk -key os -value "standalone" -context "sdk\\\\application/1778985967252"
# webtalk_add_data -client sdk -key apptemplate -value "hello_world" -context "sdk\\\\application/1778985967252"
# webtalk_add_data -client sdk -key RecordType -value "APPCreation" -context "sdk\\\\application/1778985967252"
# webtalk_add_data -client sdk -key LangUsed -value "C" -context "sdk\\\\application/1778985967252"
# webtalk_add_data -client sdk -key Procused -value "microblaze" -context "sdk\\\\application/1778985967252"
# webtalk_add_data -client sdk -key uid -value "1778986031884" -context "sdk\\\\bsp/1778986031884"
# webtalk_add_data -client sdk -key hwid -value "1778985847568" -context "sdk\\\\bsp/1778986031884"
# webtalk_add_data -client sdk -key os -value "standalone" -context "sdk\\\\bsp/1778986031884"
# webtalk_add_data -client sdk -key apptemplate -value "empty_application" -context "sdk\\\\bsp/1778986031884"
# webtalk_add_data -client sdk -key RecordType -value "BSPCreation" -context "sdk\\\\bsp/1778986031884"
# webtalk_add_data -client sdk -key uid -value "1778986032949" -context "sdk\\\\application/1778986032949"
# webtalk_add_data -client sdk -key hwid -value "1778985847568" -context "sdk\\\\application/1778986032949"
# webtalk_add_data -client sdk -key bspid -value "1778986031884" -context "sdk\\\\application/1778986032949"
# webtalk_add_data -client sdk -key newbsp -value "true" -context "sdk\\\\application/1778986032949"
# webtalk_add_data -client sdk -key os -value "standalone" -context "sdk\\\\application/1778986032949"
# webtalk_add_data -client sdk -key apptemplate -value "empty_application" -context "sdk\\\\application/1778986032949"
# webtalk_add_data -client sdk -key RecordType -value "APPCreation" -context "sdk\\\\application/1778986032949"
# webtalk_add_data -client sdk -key LangUsed -value "C" -context "sdk\\\\application/1778986032949"
# webtalk_add_data -client sdk -key Procused -value "microblaze" -context "sdk\\\\application/1778986032949"
# webtalk_add_data -client sdk -key projSize -value "127.24609375" -context "sdk\\\\application/1778986032949"
# webtalk_add_data -client sdk -key uid -value "NA" -context "sdk\\\\bsp/1778997125224"
# webtalk_add_data -client sdk -key RecordType -value "ToolUsage" -context "sdk\\\\bsp/1778997125224"
# webtalk_add_data -client sdk -key BootgenCount -value "0" -context "sdk\\\\bsp/1778997125224"
# webtalk_add_data -client sdk -key DebugCount -value "1" -context "sdk\\\\bsp/1778997125224"
# webtalk_add_data -client sdk -key PerfCount -value "0" -context "sdk\\\\bsp/1778997125224"
# webtalk_add_data -client sdk -key FlashCount -value "0" -context "sdk\\\\bsp/1778997125224"
# webtalk_add_data -client sdk -key CrossTriggCount -value "0" -context "sdk\\\\bsp/1778997125224"
# webtalk_add_data -client sdk -key QemuDebugCount -value "0" -context "sdk\\\\bsp/1778997125224"
# webtalk_transmit -clientid 3501459321 -regid "" -xml C:\\Users\\Nathan\\Desktop\\cs152b\\cs152b\\final_project\\final_project.sdk\\webtalk\\usage_statistics_ext_sdk.xml -html C:\\Users\\Nathan\\Desktop\\cs152b\\cs152b\\final_project\\final_project.sdk\\webtalk\\usage_statistics_ext_sdk.html -wdm C:\\Users\\Nathan\\Desktop\\cs152b\\cs152b\\final_project\\final_project.sdk\\webtalk\\sdk_webtalk.wdm -intro "<H3>SDK Usage Report</H3><BR>"
# webtalk_terminate
INFO: [Common 17-206] Exiting Webtalk at Sat May 16 22:52:11 2026...
