
*** Running vivado
    with args -log part1_hello_world_wrapper.vdi -applog -m64 -product Vivado -messageDb vivado.pb -mode batch -source part1_hello_world_wrapper.tcl -notrace


****** Vivado v2018.2.2 (64-bit)
  **** SW Build 2348494 on Mon Oct  1 18:25:44 MDT 2018
  **** IP Build 2318053 on Mon Oct  1 21:44:26 MDT 2018
    ** Copyright 1986-2018 Xilinx, Inc. All Rights Reserved.

source part1_hello_world_wrapper.tcl -notrace
INFO: [IP_Flow 19-234] Refreshing IP repositories
INFO: [IP_Flow 19-1700] Loaded user IP repository 'c:/Users/Nathan/Downloads/vivado-library-2018.2-1'.
INFO: [IP_Flow 19-2313] Loaded Vivado IP repository 'C:/Xilinx/Vivado/2018.2/data/ip'.
add_files: Time (s): cpu = 00:00:05 ; elapsed = 00:00:06 . Memory (MB): peak = 418.375 ; gain = 85.445
Command: link_design -top part1_hello_world_wrapper -part xc7a35tcpg236-1
Design is defaulting to srcset: sources_1
Design is defaulting to constrset: constrs_1
INFO: [Project 1-454] Reading design checkpoint 'c:/Users/Nathan/Desktop/cs152b/cs152b/lab3/lab3.srcs/sources_1/bd/part1_hello_world/ip/part1_hello_world_PmodKYPD_0_0/part1_hello_world_PmodKYPD_0_0.dcp' for cell 'part1_hello_world_i/PmodKYPD_0'
INFO: [Project 1-454] Reading design checkpoint 'c:/Users/Nathan/Desktop/cs152b/cs152b/lab3/lab3.srcs/sources_1/bd/part1_hello_world/ip/part1_hello_world_axi_gpio_0_0/part1_hello_world_axi_gpio_0_0.dcp' for cell 'part1_hello_world_i/axi_gpio_0'
INFO: [Project 1-454] Reading design checkpoint 'c:/Users/Nathan/Desktop/cs152b/cs152b/lab3/lab3.srcs/sources_1/bd/part1_hello_world/ip/part1_hello_world_axi_uartlite_0_0/part1_hello_world_axi_uartlite_0_0.dcp' for cell 'part1_hello_world_i/axi_uartlite_0'
INFO: [Project 1-454] Reading design checkpoint 'c:/Users/Nathan/Desktop/cs152b/cs152b/lab3/lab3.srcs/sources_1/bd/part1_hello_world/ip/part1_hello_world_clk_wiz_0_0/part1_hello_world_clk_wiz_0_0.dcp' for cell 'part1_hello_world_i/clk_wiz_0'
INFO: [Project 1-454] Reading design checkpoint 'c:/Users/Nathan/Desktop/cs152b/cs152b/lab3/lab3.srcs/sources_1/bd/part1_hello_world/ip/part1_hello_world_mdm_1_0/part1_hello_world_mdm_1_0.dcp' for cell 'part1_hello_world_i/mdm_1'
INFO: [Project 1-454] Reading design checkpoint 'c:/Users/Nathan/Desktop/cs152b/cs152b/lab3/lab3.srcs/sources_1/bd/part1_hello_world/ip/part1_hello_world_microblaze_0_0/part1_hello_world_microblaze_0_0.dcp' for cell 'part1_hello_world_i/microblaze_0'
INFO: [Project 1-454] Reading design checkpoint 'c:/Users/Nathan/Desktop/cs152b/cs152b/lab3/lab3.srcs/sources_1/bd/part1_hello_world/ip/part1_hello_world_rst_clk_wiz_0_100M_0/part1_hello_world_rst_clk_wiz_0_100M_0.dcp' for cell 'part1_hello_world_i/rst_clk_wiz_0_100M'
INFO: [Project 1-454] Reading design checkpoint 'c:/Users/Nathan/Desktop/cs152b/cs152b/lab3/lab3.srcs/sources_1/bd/part1_hello_world/ip/part1_hello_world_xbar_0/part1_hello_world_xbar_0.dcp' for cell 'part1_hello_world_i/microblaze_0_axi_periph/xbar'
INFO: [Project 1-454] Reading design checkpoint 'c:/Users/Nathan/Desktop/cs152b/cs152b/lab3/lab3.srcs/sources_1/bd/part1_hello_world/ip/part1_hello_world_dlmb_bram_if_cntlr_0/part1_hello_world_dlmb_bram_if_cntlr_0.dcp' for cell 'part1_hello_world_i/microblaze_0_local_memory/dlmb_bram_if_cntlr'
INFO: [Project 1-454] Reading design checkpoint 'c:/Users/Nathan/Desktop/cs152b/cs152b/lab3/lab3.srcs/sources_1/bd/part1_hello_world/ip/part1_hello_world_dlmb_v10_0/part1_hello_world_dlmb_v10_0.dcp' for cell 'part1_hello_world_i/microblaze_0_local_memory/dlmb_v10'
INFO: [Project 1-454] Reading design checkpoint 'c:/Users/Nathan/Desktop/cs152b/cs152b/lab3/lab3.srcs/sources_1/bd/part1_hello_world/ip/part1_hello_world_ilmb_bram_if_cntlr_0/part1_hello_world_ilmb_bram_if_cntlr_0.dcp' for cell 'part1_hello_world_i/microblaze_0_local_memory/ilmb_bram_if_cntlr'
INFO: [Project 1-454] Reading design checkpoint 'c:/Users/Nathan/Desktop/cs152b/cs152b/lab3/lab3.srcs/sources_1/bd/part1_hello_world/ip/part1_hello_world_ilmb_v10_0/part1_hello_world_ilmb_v10_0.dcp' for cell 'part1_hello_world_i/microblaze_0_local_memory/ilmb_v10'
INFO: [Project 1-454] Reading design checkpoint 'c:/Users/Nathan/Desktop/cs152b/cs152b/lab3/lab3.srcs/sources_1/bd/part1_hello_world/ip/part1_hello_world_lmb_bram_0/part1_hello_world_lmb_bram_0.dcp' for cell 'part1_hello_world_i/microblaze_0_local_memory/lmb_bram'
INFO: [Netlist 29-17] Analyzing 268 Unisim elements for replacement
INFO: [Netlist 29-28] Unisim Transformation completed in 0 CPU seconds
INFO: [Project 1-479] Netlist was created with Vivado 2018.2.2
INFO: [Device 21-403] Loading part xc7a35tcpg236-1
INFO: [Project 1-570] Preparing netlist for logic optimization
Parsing XDC File [c:/Users/Nathan/Desktop/cs152b/cs152b/lab3/lab3.srcs/sources_1/bd/part1_hello_world/ip/part1_hello_world_axi_gpio_0_0/part1_hello_world_axi_gpio_0_0_board.xdc] for cell 'part1_hello_world_i/axi_gpio_0/U0'
Finished Parsing XDC File [c:/Users/Nathan/Desktop/cs152b/cs152b/lab3/lab3.srcs/sources_1/bd/part1_hello_world/ip/part1_hello_world_axi_gpio_0_0/part1_hello_world_axi_gpio_0_0_board.xdc] for cell 'part1_hello_world_i/axi_gpio_0/U0'
Parsing XDC File [c:/Users/Nathan/Desktop/cs152b/cs152b/lab3/lab3.srcs/sources_1/bd/part1_hello_world/ip/part1_hello_world_axi_gpio_0_0/part1_hello_world_axi_gpio_0_0.xdc] for cell 'part1_hello_world_i/axi_gpio_0/U0'
Finished Parsing XDC File [c:/Users/Nathan/Desktop/cs152b/cs152b/lab3/lab3.srcs/sources_1/bd/part1_hello_world/ip/part1_hello_world_axi_gpio_0_0/part1_hello_world_axi_gpio_0_0.xdc] for cell 'part1_hello_world_i/axi_gpio_0/U0'
Parsing XDC File [c:/Users/Nathan/Desktop/cs152b/cs152b/lab3/lab3.srcs/sources_1/bd/part1_hello_world/ip/part1_hello_world_clk_wiz_0_0/part1_hello_world_clk_wiz_0_0_board.xdc] for cell 'part1_hello_world_i/clk_wiz_0/inst'
Finished Parsing XDC File [c:/Users/Nathan/Desktop/cs152b/cs152b/lab3/lab3.srcs/sources_1/bd/part1_hello_world/ip/part1_hello_world_clk_wiz_0_0/part1_hello_world_clk_wiz_0_0_board.xdc] for cell 'part1_hello_world_i/clk_wiz_0/inst'
Parsing XDC File [c:/Users/Nathan/Desktop/cs152b/cs152b/lab3/lab3.srcs/sources_1/bd/part1_hello_world/ip/part1_hello_world_clk_wiz_0_0/part1_hello_world_clk_wiz_0_0.xdc] for cell 'part1_hello_world_i/clk_wiz_0/inst'
